[2019-11-21 14:13:11] START
[2019-11-27 08:22:03] EDIT Qualidade_Ambiental/views/default/index.html: 0
[2019-12-06 12:27:13] EDIT Qualidade_Ambiental/controllers/PontosApoio.py: 0
[2019-12-06 12:30:18] EDIT Qualidade_Ambiental/controllers/PontosApoio.py: 0
[2019-12-06 12:40:03] EDIT Qualidade_Ambiental/controllers/PontosApoio.py: 0
[2019-12-06 12:40:23] EDIT Qualidade_Ambiental/controllers/PontosApoio.py: 0
[2019-12-06 12:42:44] EDIT Qualidade_Ambiental/controllers/PontosApoio.py: 0
[2019-12-06 12:47:48] EDIT Qualidade_Ambiental/controllers/PontosApoio.py: 0
[2019-12-06 12:58:49] EDIT Qualidade_Ambiental/controllers/PontosApoio.py: 3
[2019-12-06 12:59:44] CREATE PontosApoio/FormEntradaPonto.html: 0
[2019-12-06 13:00:26] EDIT Qualidade_Ambiental/views/PontosApoio/FormEntradaPonto.html: 0
[2019-12-06 13:00:40] EDIT Qualidade_Ambiental/views/PontosApoio/FormEntradaPonto.html: 1
[2019-12-06 13:01:49] EDIT Qualidade_Ambiental/views/PontosApoio/Pontos_de_Apoio.html: 1
[2019-12-06 13:02:45] EDIT Qualidade_Ambiental/views/PontosApoio/FormEntradaPonto.html: -1
[2019-12-06 13:02:54] EDIT Qualidade_Ambiental/views/PontosApoio/FormEntradaPonto.html: 0
[2019-12-06 13:03:18] EDIT Qualidade_Ambiental/views/PontosApoio/FormEntradaPonto.html: 0
[2019-12-06 13:23:19] EDIT Qualidade_Ambiental/views/PontosApoio/FormEntradaPonto.html: 30
[2019-12-06 13:24:31] EDIT Qualidade_Ambiental/views/PontosApoio/FormEntradaPonto.html: 0
[2019-12-06 13:24:40] EDIT Qualidade_Ambiental/views/PontosApoio/FormEntradaPonto.html: -3
[2019-12-06 13:25:40] EDIT Qualidade_Ambiental/views/PontosApoio/FormEntradaPonto.html: 0
[2019-12-06 13:26:08] EDIT Qualidade_Ambiental/views/PontosApoio/FormEntradaPonto.html: 0
[2019-12-06 13:26:10] EDIT Qualidade_Ambiental/views/PontosApoio/FormEntradaPonto.html: 0
[2019-12-06 13:28:42] EDIT Qualidade_Ambiental/views/PontosApoio/FormEntradaPonto.html: 4
[2019-12-06 13:29:37] EDIT Qualidade_Ambiental/views/PontosApoio/FormEntradaPonto.html: 4
[2019-12-06 13:29:45] EDIT Qualidade_Ambiental/views/PontosApoio/FormEntradaPonto.html: 0
[2019-12-06 13:33:07] EDIT Qualidade_Ambiental/views/PontosApoio/FormEntradaPonto.html: 0
[2019-12-06 13:35:11] EDIT Qualidade_Ambiental/views/PontosApoio/FormEntradaPonto.html: 0
[2019-12-06 13:36:40] EDIT Qualidade_Ambiental/views/PontosApoio/FormEntradaPonto.html: 0
[2019-12-06 13:42:22] EDIT Qualidade_Ambiental/views/PontosApoio/FormEntradaPonto.html: 1
[2019-12-06 13:43:10] EDIT Qualidade_Ambiental/models/db.py: 0
[2019-12-06 13:43:49] EDIT Qualidade_Ambiental/models/db.py: 0
[2019-12-06 13:49:05] EDIT Qualidade_Ambiental/models/db.py: 0
[2019-12-06 14:24:57] EDIT Qualidade_Ambiental/models/db.py: 0
[2019-12-06 14:28:56] EDIT Qualidade_Ambiental/models/db.py: 0
[2019-12-06 14:29:07] EDIT Qualidade_Ambiental/models/db.py: 0
[2019-12-06 14:29:52] EDIT Qualidade_Ambiental/models/db.py: 0
[2019-12-06 14:30:30] EDIT Qualidade_Ambiental/models/db.py: 0
[2019-12-06 14:30:34] EDIT Qualidade_Ambiental/models/db.py: 0
[2019-12-06 14:31:07] EDIT Qualidade_Ambiental/models/db.py: 0
[2019-12-06 14:31:35] EDIT Qualidade_Ambiental/models/db.py: 0
[2019-12-06 14:31:37] EDIT Qualidade_Ambiental/models/db.py: 0
[2019-12-06 14:34:31] EDIT Qualidade_Ambiental/models/db.py: 0
[2019-12-06 14:43:29] EDIT Qualidade_Ambiental/models/db.py: 0
[2019-12-06 14:43:49] EDIT Qualidade_Ambiental/models/db.py: 0
[2019-12-06 14:51:17] EDIT Qualidade_Ambiental/models/db.py: 0
[2019-12-06 14:51:49] EDIT Qualidade_Ambiental/models/db.py: 0
[2019-12-06 15:00:28] EDIT Qualidade_Ambiental/models/db.py: 0
[2019-12-06 15:10:33] EDIT Qualidade_Ambiental/models/db.py: 0
[2019-12-06 15:10:34] EDIT Qualidade_Ambiental/models/db.py: 0
[2019-12-06 15:11:38] EDIT Qualidade_Ambiental/controllers/PontosApoio.py: 1
[2019-12-06 15:11:39] EDIT Qualidade_Ambiental/controllers/PontosApoio.py: 0
[2019-12-06 15:13:06] EDIT Qualidade_Ambiental/controllers/PontosApoio.py: 0
[2019-12-06 15:14:09] EDIT Qualidade_Ambiental/models/db.py: 0
[2019-12-06 15:17:01] EDIT Qualidade_Ambiental/models/db.py: 0
[2019-12-06 15:17:12] EDIT Qualidade_Ambiental/models/db.py: 0
[2019-12-06 15:17:14] EDIT Qualidade_Ambiental/models/db.py: 0
[2019-12-06 15:17:25] EDIT Qualidade_Ambiental/models/db.py: 0
[2019-12-06 15:18:30] EDIT Qualidade_Ambiental/models/db.py: 0
[2019-12-06 15:19:42] EDIT Qualidade_Ambiental/models/db.py: 0
[2019-12-06 15:23:27] EDIT Qualidade_Ambiental/views/PontosApoio/FormEntradaPonto.html: 2
[2019-12-06 15:25:07] EDIT Qualidade_Ambiental/views/PontosApoio/FormEntradaPonto.html: 0
[2019-12-06 15:25:37] EDIT Qualidade_Ambiental/views/PontosApoio/FormEntradaPonto.html: 0
[2019-12-06 15:25:58] EDIT Qualidade_Ambiental/views/PontosApoio/FormEntradaPonto.html: 0
[2019-12-06 15:26:14] EDIT Qualidade_Ambiental/views/PontosApoio/FormEntradaPonto.html: 0
[2019-12-06 15:27:09] EDIT Qualidade_Ambiental/views/PontosApoio/FormEntradaPonto.html: 2
[2019-12-06 15:27:24] EDIT Qualidade_Ambiental/views/PontosApoio/FormEntradaPonto.html: 0
[2019-12-06 15:28:03] EDIT Qualidade_Ambiental/views/PontosApoio/FormEntradaPonto.html: -4
[2019-12-06 15:29:22] EDIT Qualidade_Ambiental/views/PontosApoio/FormEntradaPonto.html: 0
[2019-12-06 15:29:44] EDIT Qualidade_Ambiental/views/PontosApoio/FormEntradaPonto.html: 0
[2019-12-06 15:30:54] EDIT Qualidade_Ambiental/views/PontosApoio/FormEntradaPonto.html: 0
[2019-12-06 15:31:21] EDIT Qualidade_Ambiental/views/PontosApoio/FormEntradaPonto.html: 0
[2019-12-06 15:31:24] EDIT Qualidade_Ambiental/views/PontosApoio/FormEntradaPonto.html: 0
[2019-12-06 15:31:31] EDIT Qualidade_Ambiental/views/PontosApoio/FormEntradaPonto.html: 0
[2019-12-06 15:31:40] EDIT Qualidade_Ambiental/views/PontosApoio/FormEntradaPonto.html: 0
[2019-12-06 15:31:47] EDIT Qualidade_Ambiental/views/PontosApoio/FormEntradaPonto.html: 0
[2019-12-06 15:32:24] EDIT Qualidade_Ambiental/views/PontosApoio/FormEntradaPonto.html: 0
[2019-12-06 15:38:43] EDIT Qualidade_Ambiental/views/PontosApoio/FormEntradaPonto.html: 0
[2019-12-06 15:38:59] EDIT Qualidade_Ambiental/views/PontosApoio/FormEntradaPonto.html: 0
[2019-12-06 15:39:12] EDIT Qualidade_Ambiental/views/PontosApoio/FormEntradaPonto.html: 0
[2019-12-06 15:40:38] EDIT Qualidade_Ambiental/views/PontosApoio/FormEntradaPonto.html: 0
[2019-12-06 15:56:02] EDIT Qualidade_Ambiental/views/PontosApoio/FormEntradaPonto.html: -4
[2019-12-06 15:56:36] EDIT Qualidade_Ambiental/views/PontosApoio/FormEntradaPonto.html: 0
[2019-12-06 15:56:49] EDIT Qualidade_Ambiental/views/PontosApoio/FormEntradaPonto.html: 0
[2019-12-06 15:57:15] EDIT Qualidade_Ambiental/views/PontosApoio/FormEntradaPonto.html: 0
[2019-12-06 15:57:24] EDIT Qualidade_Ambiental/views/PontosApoio/FormEntradaPonto.html: 0
[2019-12-06 15:57:45] EDIT Qualidade_Ambiental/views/PontosApoio/FormEntradaPonto.html: 0
[2019-12-06 16:00:36] EDIT Qualidade_Ambiental/views/PontosApoio/FormEntradaPonto.html: 0
[2019-12-06 16:03:02] EDIT Qualidade_Ambiental/views/PontosApoio/FormEntradaPonto.html: -4
[2019-12-06 16:03:35] EDIT Qualidade_Ambiental/views/PontosApoio/FormEntradaPonto.html: -4
[2019-12-06 16:03:55] EDIT Qualidade_Ambiental/views/PontosApoio/FormEntradaPonto.html: 1
[2019-12-06 16:04:49] EDIT Qualidade_Ambiental/models/db.py: 0
[2019-12-06 16:07:42] EDIT Qualidade_Ambiental/views/PontosApoio/FormEntradaPonto.html: 0
[2019-12-06 16:08:16] EDIT Qualidade_Ambiental/views/PontosApoio/FormEntradaPonto.html: 1
[2019-12-06 16:36:30] EDIT Qualidade_Ambiental/models/db.py: 0
[2019-12-06 16:43:04] EDIT Qualidade_Ambiental/models/db.py: 0
[2019-12-06 16:44:26] EDIT Qualidade_Ambiental/models/db.py: 0
[2019-12-06 16:44:40] EDIT Qualidade_Ambiental/models/db.py: 0
[2019-12-06 16:45:03] EDIT Qualidade_Ambiental/models/db.py: 0
[2019-12-06 16:45:37] EDIT Qualidade_Ambiental/models/db.py: 0
[2019-12-06 16:53:54] EDIT Qualidade_Ambiental/models/db.py: 0
[2019-12-06 16:53:57] EDIT Qualidade_Ambiental/models/db.py: 0
[2019-12-13 14:11:38] EDIT Qualidade_Ambiental/controllers/PontosApoio.py: 0
[2019-12-13 14:31:20] EDIT Qualidade_Ambiental/controllers/PontosApoio.py: 6
[2019-12-13 16:38:07] EDIT Qualidade_Ambiental/views/PontosApoio/FormEntradaPonto.html: 0
[2019-12-13 16:41:43] EDIT Qualidade_Ambiental/models/db.py: 0
[2019-12-13 16:59:37] EDIT Qualidade_Ambiental/models/db.py: 0
[2019-12-27 14:50:14] EDIT Qualidade_Ambiental/controllers/PontosApoio.py: -1
[2019-12-27 15:28:46] EDIT Qualidade_Ambiental/models/db.py: 0
[2019-12-27 15:30:01] EDIT Qualidade_Ambiental/models/db.py: 0
[2020-01-24 12:07:46] EDIT Qualidade_Ambiental/controllers/PontosApoio.py: 0
[2020-01-24 12:11:19] EDIT Qualidade_Ambiental/controllers/PontosApoio.py: 2
[2020-01-24 12:11:32] EDIT Qualidade_Ambiental/controllers/PontosApoio.py: 0
[2020-01-24 12:11:33] EDIT Qualidade_Ambiental/controllers/PontosApoio.py: 0
[2020-01-24 12:11:47] EDIT Qualidade_Ambiental/controllers/PontosApoio.py: 0
[2020-01-24 12:12:45] EDIT Qualidade_Ambiental/controllers/PontosApoio.py: -2
[2020-01-24 12:12:52] EDIT Qualidade_Ambiental/controllers/PontosApoio.py: 0
[2020-01-24 12:13:36] EDIT Qualidade_Ambiental/controllers/PontosApoio.py: 2
[2020-01-24 12:13:51] EDIT Qualidade_Ambiental/controllers/PontosApoio.py: 0
[2020-01-24 12:14:41] EDIT Qualidade_Ambiental/controllers/PontosApoio.py: 0
[2020-01-24 12:14:44] EDIT Qualidade_Ambiental/controllers/PontosApoio.py: 0
[2020-01-24 12:15:01] EDIT Qualidade_Ambiental/controllers/PontosApoio.py: 0
[2020-01-24 12:15:13] EDIT Qualidade_Ambiental/controllers/PontosApoio.py: 0
[2020-01-24 12:15:53] EDIT Qualidade_Ambiental/controllers/PontosApoio.py: -1
[2020-01-24 12:16:07] EDIT Qualidade_Ambiental/controllers/PontosApoio.py: -1
[2020-01-24 12:16:21] EDIT Qualidade_Ambiental/controllers/PontosApoio.py: 1
[2020-01-24 12:16:42] EDIT Qualidade_Ambiental/controllers/PontosApoio.py: -1
[2020-01-24 12:16:58] EDIT Qualidade_Ambiental/controllers/PontosApoio.py: 1
[2020-01-24 12:17:00] EDIT Qualidade_Ambiental/controllers/PontosApoio.py: 0
[2020-01-24 12:17:05] EDIT Qualidade_Ambiental/controllers/PontosApoio.py: 0
[2020-01-24 12:17:08] EDIT Qualidade_Ambiental/controllers/PontosApoio.py: 0
[2020-01-24 12:17:18] EDIT Qualidade_Ambiental/controllers/PontosApoio.py: -1
[2020-01-24 12:18:19] EDIT Qualidade_Ambiental/controllers/PontosApoio.py: 1
[2020-01-24 12:18:31] EDIT Qualidade_Ambiental/controllers/PontosApoio.py: 0
[2020-01-24 12:18:36] EDIT Qualidade_Ambiental/controllers/PontosApoio.py: 0
[2020-01-24 12:18:45] EDIT Qualidade_Ambiental/controllers/PontosApoio.py: 0
[2020-01-24 12:18:50] EDIT Qualidade_Ambiental/controllers/PontosApoio.py: 0
[2020-01-24 12:18:54] EDIT Qualidade_Ambiental/controllers/PontosApoio.py: 0
[2020-01-24 12:19:07] EDIT Qualidade_Ambiental/controllers/PontosApoio.py: 0
[2020-01-24 12:19:18] EDIT Qualidade_Ambiental/controllers/PontosApoio.py: 0
[2020-01-24 12:19:44] EDIT Qualidade_Ambiental/controllers/PontosApoio.py: 0
[2020-01-24 12:19:46] EDIT Qualidade_Ambiental/controllers/PontosApoio.py: 0
[2020-01-24 12:20:21] EDIT Qualidade_Ambiental/controllers/PontosApoio.py: 0
[2020-01-24 12:20:44] EDIT Qualidade_Ambiental/controllers/PontosApoio.py: 0
[2020-01-24 12:23:24] EDIT Qualidade_Ambiental/controllers/PontosApoio.py: 0
[2020-01-24 12:23:27] EDIT Qualidade_Ambiental/controllers/PontosApoio.py: 0
[2020-01-24 12:23:43] EDIT Qualidade_Ambiental/controllers/PontosApoio.py: -1
[2020-01-24 12:23:56] EDIT Qualidade_Ambiental/controllers/PontosApoio.py: 0
[2020-01-24 12:24:10] EDIT Qualidade_Ambiental/controllers/PontosApoio.py: 1
[2020-01-24 12:24:17] EDIT Qualidade_Ambiental/controllers/PontosApoio.py: 0
[2020-01-24 12:24:22] EDIT Qualidade_Ambiental/controllers/PontosApoio.py: 0
[2020-01-24 12:24:26] EDIT Qualidade_Ambiental/controllers/PontosApoio.py: 0
[2020-01-24 12:24:31] EDIT Qualidade_Ambiental/controllers/PontosApoio.py: 0
[2020-01-24 12:24:35] EDIT Qualidade_Ambiental/controllers/PontosApoio.py: 0
[2020-01-24 12:24:37] EDIT Qualidade_Ambiental/controllers/PontosApoio.py: 0
[2020-01-24 12:24:40] EDIT Qualidade_Ambiental/controllers/PontosApoio.py: 0
[2020-01-24 12:24:46] EDIT Qualidade_Ambiental/controllers/PontosApoio.py: 0
[2020-01-24 12:24:54] EDIT Qualidade_Ambiental/controllers/PontosApoio.py: 0
[2020-01-24 12:25:04] EDIT Qualidade_Ambiental/controllers/PontosApoio.py: 0
[2020-01-24 12:25:11] EDIT Qualidade_Ambiental/controllers/PontosApoio.py: 0
[2020-01-24 12:25:17] EDIT Qualidade_Ambiental/controllers/PontosApoio.py: 0
[2020-01-24 12:25:19] EDIT Qualidade_Ambiental/controllers/PontosApoio.py: 0
[2020-01-24 12:25:45] EDIT Qualidade_Ambiental/controllers/PontosApoio.py: 0
[2020-01-24 12:27:20] EDIT Qualidade_Ambiental/controllers/PontosApoio.py: 1
[2020-01-24 12:28:21] EDIT Qualidade_Ambiental/controllers/PontosApoio.py: 0
[2020-01-24 12:29:17] EDIT Qualidade_Ambiental/controllers/PontosApoio.py: 0
[2020-01-24 12:31:46] EDIT Qualidade_Ambiental/controllers/PontosApoio.py: 0
[2020-01-24 12:34:59] EDIT Qualidade_Ambiental/controllers/PontosApoio.py: 0
[2020-01-24 12:39:12] EDIT Qualidade_Ambiental/models/db.py: -3
[2020-01-24 12:40:51] EDIT Qualidade_Ambiental/controllers/PontosApoio.py: 0
[2020-01-24 12:43:30] EDIT Qualidade_Ambiental/controllers/PontosApoio.py: 0
[2020-01-24 12:46:38] EDIT Qualidade_Ambiental/controllers/PontosApoio.py: 0
[2020-01-24 12:51:15] EDIT Qualidade_Ambiental/controllers/PontosApoio.py: 0
[2020-01-24 12:53:37] EDIT Qualidade_Ambiental/controllers/PontosApoio.py: -2
[2020-01-24 12:55:15] EDIT Qualidade_Ambiental/controllers/PontosApoio.py: 0
[2020-01-24 12:55:21] EDIT Qualidade_Ambiental/controllers/PontosApoio.py: 0
[2020-01-24 12:56:06] EDIT Qualidade_Ambiental/controllers/PontosApoio.py: 0
[2020-01-24 13:03:09] EDIT Qualidade_Ambiental/controllers/PontosApoio.py: 0
[2020-01-27 12:21:55] EDIT Qualidade_Ambiental/views/default/index.html: 1
[2020-01-27 12:22:38] EDIT Qualidade_Ambiental/views/default/index.html: 0
[2020-01-27 12:42:43] EDIT Qualidade_Ambiental/views/default/index.html: 0
[2020-01-27 12:43:08] EDIT Qualidade_Ambiental/views/default/index.html: 0
[2020-01-27 12:43:37] EDIT Qualidade_Ambiental/views/default/index.html: -1
[2020-01-27 12:44:37] EDIT Qualidade_Ambiental/views/default/index.html: 0
